# JRE version: OpenJDK Runtime Environment (7.0_75-b13) (build 1.7.0_75-b13)
# Java VM: OpenJDK 64-Bit Server VM (24.75-b04 mixed mode linux-amd64 compressed oops)
Heap
 PSYoungGen      total 218624K, used 58402K [0x00000000ec000000, 0x0000000100000000, 0x0000000100000000)
  eden space 109568K, 0% used [0x00000000ec000000,0x00000000ec000000,0x00000000f2b00000)
  from space 109056K, 53% used [0x00000000f9580000,0x00000000fce88b60,0x0000000100000000)
  to   space 109056K, 0% used [0x00000000f2b00000,0x00000000f2b00000,0x00000000f9580000)
 ParOldGen       total 225792K, used 225531K [0x00000000c4000000, 0x00000000d1c80000, 0x00000000ec000000)
  object space 225792K, 99% used [0x00000000c4000000,0x00000000d1c3ec80,0x00000000d1c80000)
 PSPermGen       total 21504K, used 2886K [0x00000000b9a00000, 0x00000000baf00000, 0x00000000c4000000)
  object space 21504K, 13% used [0x00000000b9a00000,0x00000000b9cd19d0,0x00000000baf00000)
GC Heap History (10 events):
Event: 6.310 GC heap after
Heap after GC invocations=11 (full 2):
 PSYoungGen      total 150528K, used 62464K [0x00000000ec000000, 0x00000000fc880000, 0x0000000100000000)
  eden space 88064K, 0% used [0x00000000ec000000,0x00000000ec000000,0x00000000f1600000)
  from space 62464K, 100% used [0x00000000f1600000,0x00000000f5300000,0x00000000f5300000)
  to   space 81408K, 0% used [0x00000000f7900000,0x00000000f7900000,0x00000000fc880000)
 ParOldGen       total 127488K, used 117878K [0x00000000c4000000, 0x00000000cbc80000, 0x00000000ec000000)
  object space 127488K, 92% used [0x00000000c4000000,0x00000000cb31db10,0x00000000cbc80000)
 PSPermGen       total 21504K, used 2884K [0x00000000b9a00000, 0x00000000baf00000, 0x00000000c4000000)
  object space 21504K, 13% used [0x00000000b9a00000,0x00000000b9cd1048,0x00000000baf00000)
}
Event: 6.310 GC heap before
{Heap before GC invocations=12 (full 3):
 PSYoungGen      total 150528K, used 62464K [0x00000000ec000000, 0x00000000fc880000, 0x0000000100000000)
  eden space 88064K, 0% used [0x00000000ec000000,0x00000000ec000000,0x00000000f1600000)
  from space 62464K, 100% used [0x00000000f1600000,0x00000000f5300000,0x00000000f5300000)
  to   space 81408K, 0% used [0x00000000f7900000,0x00000000f7900000,0x00000000fc880000)
 ParOldGen       total 127488K, used 117878K [0x00000000c4000000, 0x00000000cbc80000, 0x00000000ec000000)
  object space 127488K, 92% used [0x00000000c4000000,0x00000000cb31db10,0x00000000cbc80000)
 PSPermGen       total 21504K, used 2884K [0x00000000b9a00000, 0x00000000baf00000, 0x00000000c4000000)
  object space 21504K, 13% used [0x00000000b9a00000,0x00000000b9cd1048,0x00000000baf00000)
Event: 9.156 GC heap after
Heap after GC invocations=12 (full 3):
 PSYoungGen      total 150528K, used 50649K [0x00000000ec000000, 0x00000000fc880000, 0x0000000100000000)
  eden space 88064K, 0% used [0x00000000ec000000,0x00000000ec000000,0x00000000f1600000)
  from space 62464K, 81% used [0x00000000f1600000,0x00000000f4776688,0x00000000f5300000)
  to   space 81408K, 0% used [0x00000000f7900000,0x00000000f7900000,0x00000000fc880000)
 ParOldGen       total 217088K, used 127346K [0x00000000c4000000, 0x00000000d1400000, 0x00000000ec000000)
  object space 217088K, 58% used [0x00000000c4000000,0x00000000cbc5ca40,0x00000000d1400000)
 PSPermGen       total 21504K, used 2884K [0x00000000b9a00000, 0x00000000baf00000, 0x00000000c4000000)
  object space 21504K, 13% used [0x00000000b9a00000,0x00000000b9cd1048,0x00000000baf00000)
}
Event: 9.670 GC heap before
{Heap before GC invocations=13 (full 3):
 PSYoungGen      total 150528K, used 138713K [0x00000000ec000000, 0x00000000fc880000, 0x0000000100000000)
  eden space 88064K, 100% used [0x00000000ec000000,0x00000000f1600000,0x00000000f1600000)
  from space 62464K, 81% used [0x00000000f1600000,0x00000000f4776688,0x00000000f5300000)
  to   space 81408K, 0% used [0x00000000f7900000,0x00000000f7900000,0x00000000fc880000)
 ParOldGen       total 217088K, used 127346K [0x00000000c4000000, 0x00000000d1400000, 0x00000000ec000000)
  object space 217088K, 58% used [0x00000000c4000000,0x00000000cbc5ca40,0x00000000d1400000)
 PSPermGen       total 21504K, used 2884K [0x00000000b9a00000, 0x00000000baf00000, 0x00000000c4000000)
  object space 21504K, 13% used [0x00000000b9a00000,0x00000000b9cd1048,0x00000000baf00000)
Event: 10.252 GC heap after
Heap after GC invocations=13 (full 3):
 PSYoungGen      total 172544K, used 81376K [0x00000000ec000000, 0x00000000fe700000, 0x0000000100000000)
  eden space 91136K, 0% used [0x00000000ec000000,0x00000000ec000000,0x00000000f1900000)
  from space 81408K, 99% used [0x00000000f7900000,0x00000000fc878010,0x00000000fc880000)
  to   space 98304K, 0% used [0x00000000f1900000,0x00000000f1900000,0x00000000f7900000)
 ParOldGen       total 217088K, used 136106K [0x00000000c4000000, 0x00000000d1400000, 0x00000000ec000000)
  object space 217088K, 62% used [0x00000000c4000000,0x00000000cc4eaa40,0x00000000d1400000)
 PSPermGen       total 21504K, used 2884K [0x00000000b9a00000, 0x00000000baf00000, 0x00000000c4000000)
  object space 21504K, 13% used [0x00000000b9a00000,0x00000000b9cd1048,0x00000000baf00000)
}
Event: 10.610 GC heap before
{Heap before GC invocations=14 (full 3):
 PSYoungGen      total 172544K, used 172512K [0x00000000ec000000, 0x00000000fe700000, 0x0000000100000000)
  eden space 91136K, 100% used [0x00000000ec000000,0x00000000f1900000,0x00000000f1900000)
  from space 81408K, 99% used [0x00000000f7900000,0x00000000fc878010,0x00000000fc880000)
  to   space 98304K, 0% used [0x00000000f1900000,0x00000000f1900000,0x00000000f7900000)
 ParOldGen       total 217088K, used 136106K [0x00000000c4000000, 0x00000000d1400000, 0x00000000ec000000)
  object space 217088K, 62% used [0x00000000c4000000,0x00000000cc4eaa40,0x00000000d1400000)
 PSPermGen       total 21504K, used 2884K [0x00000000b9a00000, 0x00000000baf00000, 0x00000000c4000000)
  object space 21504K, 13% used [0x00000000b9a00000,0x00000000b9cd1048,0x00000000baf00000)
Event: 11.090 GC heap after
Heap after GC invocations=14 (full 3):
 PSYoungGen      total 189440K, used 91168K [0x00000000ec000000, 0x0000000100000000, 0x0000000100000000)
  eden space 91136K, 0% used [0x00000000ec000000,0x00000000ec000000,0x00000000f1900000)
  from space 98304K, 92% used [0x00000000f1900000,0x00000000f7208010,0x00000000f7900000)
  to   space 109056K, 0% used [0x00000000f9580000,0x00000000f9580000,0x0000000100000000)
 ParOldGen       total 217088K, used 161570K [0x00000000c4000000, 0x00000000d1400000, 0x00000000ec000000)
  object space 217088K, 74% used [0x00000000c4000000,0x00000000cddc8a40,0x00000000d1400000)
 PSPermGen       total 21504K, used 2884K [0x00000000b9a00000, 0x00000000baf00000, 0x00000000c4000000)
  object space 21504K, 13% used [0x00000000b9a00000,0x00000000b9cd1048,0x00000000baf00000)
}
Event: 11.357 GC heap before
{Heap before GC invocations=15 (full 3):
 PSYoungGen      total 189440K, used 182304K [0x00000000ec000000, 0x0000000100000000, 0x0000000100000000)
  eden space 91136K, 100% used [0x00000000ec000000,0x00000000f1900000,0x00000000f1900000)
  from space 98304K, 92% used [0x00000000f1900000,0x00000000f7208010,0x00000000f7900000)
  to   space 109056K, 0% used [0x00000000f9580000,0x00000000f9580000,0x0000000100000000)
 ParOldGen       total 217088K, used 161570K [0x00000000c4000000, 0x00000000d1400000, 0x00000000ec000000)
  object space 217088K, 74% used [0x00000000c4000000,0x00000000cddc8a40,0x00000000d1400000)
 PSPermGen       total 21504K, used 2886K [0x00000000b9a00000, 0x00000000baf00000, 0x00000000c4000000)
  object space 21504K, 13% used [0x00000000b9a00000,0x00000000b9cd19d0,0x00000000baf00000)
Event: 11.875 GC heap after
Heap after GC invocations=15 (full 3):
 PSYoungGen      total 218624K, used 70816K [0x00000000ec000000, 0x0000000100000000, 0x0000000100000000)
  eden space 109568K, 0% used [0x00000000ec000000,0x00000000ec000000,0x00000000f2b00000)
  from space 109056K, 64% used [0x00000000f9580000,0x00000000fdaa8000,0x0000000100000000)
  to   space 109056K, 0% used [0x00000000f2b00000,0x00000000f2b00000,0x00000000f9580000)
 ParOldGen       total 225792K, used 217650K [0x00000000c4000000, 0x00000000d1c80000, 0x00000000ec000000)
  object space 225792K, 96% used [0x00000000c4000000,0x00000000d148ca50,0x00000000d1c80000)
 PSPermGen       total 21504K, used 2886K [0x00000000b9a00000, 0x00000000baf00000, 0x00000000c4000000)
  object space 21504K, 13% used [0x00000000b9a00000,0x00000000b9cd19d0,0x00000000baf00000)
}
Event: 11.875 GC heap before
{Heap before GC invocations=16 (full 4):
 PSYoungGen      total 218624K, used 70816K [0x00000000ec000000, 0x0000000100000000, 0x0000000100000000)
  eden space 109568K, 0% used [0x00000000ec000000,0x00000000ec000000,0x00000000f2b00000)
  from space 109056K, 64% used [0x00000000f9580000,0x00000000fdaa8000,0x0000000100000000)
  to   space 109056K, 0% used [0x00000000f2b00000,0x00000000f2b00000,0x00000000f9580000)
 ParOldGen       total 225792K, used 217650K [0x00000000c4000000, 0x00000000d1c80000, 0x00000000ec000000)
  object space 225792K, 96% used [0x00000000c4000000,0x00000000d148ca50,0x00000000d1c80000)
 PSPermGen       total 21504K, used 2886K [0x00000000b9a00000, 0x00000000baf00000, 0x00000000c4000000)
  object space 21504K, 13% used [0x00000000b9a00000,0x00000000b9cd19d0,0x00000000baf00000)

