# JRE version: OpenJDK Runtime Environment (7.0_75-b13) (build 1.7.0_75-b13)
# Java VM: OpenJDK 64-Bit Server VM (24.75-b04 mixed mode linux-amd64 compressed oops)
Heap
 PSYoungGen      total 268288K, used 3642K [0x00000000ec000000, 0x0000000100000000, 0x0000000100000000)
  eden space 208896K, 0% used [0x00000000ec000000,0x00000000ec000000,0x00000000f8c00000)
  from space 59392K, 6% used [0x00000000f8c00000,0x00000000f8f8e978,0x00000000fc600000)
  to   space 58368K, 0% used [0x00000000fc700000,0x00000000fc700000,0x0000000100000000)
 ParOldGen       total 196608K, used 196376K [0x00000000c4000000, 0x00000000d0000000, 0x00000000ec000000)
  object space 196608K, 99% used [0x00000000c4000000,0x00000000cffc62f0,0x00000000d0000000)
 PSPermGen       total 40960K, used 18740K [0x00000000b9a00000, 0x00000000bc200000, 0x00000000c4000000)
  object space 40960K, 45% used [0x00000000b9a00000,0x00000000bac4d0e0,0x00000000bc200000)
GC Heap History (10 events):
Event: 16.892 GC heap after
Heap after GC invocations=18 (full 2):
 PSYoungGen      total 278528K, used 21379K [0x00000000ec000000, 0x0000000100000000, 0x0000000100000000)
  eden space 249856K, 0% used [0x00000000ec000000,0x00000000ec000000,0x00000000fb400000)
  from space 28672K, 74% used [0x00000000fe400000,0x00000000ff8e0da8,0x0000000100000000)
  to   space 38912K, 0% used [0x00000000fb400000,0x00000000fb400000,0x00000000fda00000)
 ParOldGen       total 122880K, used 122728K [0x00000000c4000000, 0x00000000cb800000, 0x00000000ec000000)
  object space 122880K, 99% used [0x00000000c4000000,0x00000000cb7da010,0x00000000cb800000)
 PSPermGen       total 42496K, used 18739K [0x00000000b9a00000, 0x00000000bc380000, 0x00000000c4000000)
  object space 42496K, 44% used [0x00000000b9a00000,0x00000000bac4ce28,0x00000000bc380000)
}
Event: 16.893 GC heap before
{Heap before GC invocations=19 (full 3):
 PSYoungGen      total 278528K, used 21379K [0x00000000ec000000, 0x0000000100000000, 0x0000000100000000)
  eden space 249856K, 0% used [0x00000000ec000000,0x00000000ec000000,0x00000000fb400000)
  from space 28672K, 74% used [0x00000000fe400000,0x00000000ff8e0da8,0x0000000100000000)
  to   space 38912K, 0% used [0x00000000fb400000,0x00000000fb400000,0x00000000fda00000)
 ParOldGen       total 122880K, used 122728K [0x00000000c4000000, 0x00000000cb800000, 0x00000000ec000000)
  object space 122880K, 99% used [0x00000000c4000000,0x00000000cb7da010,0x00000000cb800000)
 PSPermGen       total 42496K, used 18739K [0x00000000b9a00000, 0x00000000bc380000, 0x00000000c4000000)
  object space 42496K, 44% used [0x00000000b9a00000,0x00000000bac4ce28,0x00000000bc380000)
Event: 18.174 GC heap after
Heap after GC invocations=19 (full 3):
 PSYoungGen      total 278528K, used 17743K [0x00000000ec000000, 0x0000000100000000, 0x0000000100000000)
  eden space 249856K, 0% used [0x00000000ec000000,0x00000000ec000000,0x00000000fb400000)
  from space 28672K, 61% used [0x00000000fe400000,0x00000000ff553f90,0x0000000100000000)
  to   space 38912K, 0% used [0x00000000fb400000,0x00000000fb400000,0x00000000fda00000)
 ParOldGen       total 196608K, used 122342K [0x00000000c4000000, 0x00000000d0000000, 0x00000000ec000000)
  object space 196608K, 62% used [0x00000000c4000000,0x00000000cb7798c0,0x00000000d0000000)
 PSPermGen       total 40960K, used 18739K [0x00000000b9a00000, 0x00000000bc200000, 0x00000000c4000000)
  object space 40960K, 45% used [0x00000000b9a00000,0x00000000bac4cdc8,0x00000000bc200000)
}
Event: 18.973 GC heap before
{Heap before GC invocations=20 (full 3):
 PSYoungGen      total 278528K, used 267599K [0x00000000ec000000, 0x0000000100000000, 0x0000000100000000)
  eden space 249856K, 100% used [0x00000000ec000000,0x00000000fb400000,0x00000000fb400000)
  from space 28672K, 61% used [0x00000000fe400000,0x00000000ff553f90,0x0000000100000000)
  to   space 38912K, 0% used [0x00000000fb400000,0x00000000fb400000,0x00000000fda00000)
 ParOldGen       total 196608K, used 122342K [0x00000000c4000000, 0x00000000d0000000, 0x00000000ec000000)
  object space 196608K, 62% used [0x00000000c4000000,0x00000000cb7798c0,0x00000000d0000000)
 PSPermGen       total 40960K, used 18740K [0x00000000b9a00000, 0x00000000bc200000, 0x00000000c4000000)
  object space 40960K, 45% used [0x00000000b9a00000,0x00000000bac4d0e0,0x00000000bc200000)
Event: 19.075 GC heap after
Heap after GC invocations=20 (full 3):
 PSYoungGen      total 287744K, used 37635K [0x00000000ec000000, 0x0000000100000000, 0x0000000100000000)
  eden space 249856K, 0% used [0x00000000ec000000,0x00000000ec000000,0x00000000fb400000)
  from space 37888K, 99% used [0x00000000fb400000,0x00000000fd8c0e18,0x00000000fd900000)
  to   space 39936K, 0% used [0x00000000fd900000,0x00000000fd900000,0x0000000100000000)
 ParOldGen       total 196608K, used 122342K [0x00000000c4000000, 0x00000000d0000000, 0x00000000ec000000)
  object space 196608K, 62% used [0x00000000c4000000,0x00000000cb7798c0,0x00000000d0000000)
 PSPermGen       total 40960K, used 18740K [0x00000000b9a00000, 0x00000000bc200000, 0x00000000c4000000)
  object space 40960K, 45% used [0x00000000b9a00000,0x00000000bac4d0e0,0x00000000bc200000)
}
Event: 19.716 GC heap before
{Heap before GC invocations=21 (full 3):
 PSYoungGen      total 287744K, used 287491K [0x00000000ec000000, 0x0000000100000000, 0x0000000100000000)
  eden space 249856K, 100% used [0x00000000ec000000,0x00000000fb400000,0x00000000fb400000)
  from space 37888K, 99% used [0x00000000fb400000,0x00000000fd8c0e18,0x00000000fd900000)
  to   space 39936K, 0% used [0x00000000fd900000,0x00000000fd900000,0x0000000100000000)
 ParOldGen       total 196608K, used 122342K [0x00000000c4000000, 0x00000000d0000000, 0x00000000ec000000)
  object space 196608K, 62% used [0x00000000c4000000,0x00000000cb7798c0,0x00000000d0000000)
 PSPermGen       total 40960K, used 18740K [0x00000000b9a00000, 0x00000000bc200000, 0x00000000c4000000)
  object space 40960K, 45% used [0x00000000b9a00000,0x00000000bac4d0e0,0x00000000bc200000)
Event: 19.871 GC heap after
Heap after GC invocations=21 (full 3):
 PSYoungGen      total 248832K, used 39905K [0x00000000ec000000, 0x0000000100000000, 0x0000000100000000)
  eden space 208896K, 0% used [0x00000000ec000000,0x00000000ec000000,0x00000000f8c00000)
  from space 39936K, 99% used [0x00000000fd900000,0x00000000ffff8678,0x0000000100000000)
  to   space 59392K, 0% used [0x00000000f8c00000,0x00000000f8c00000,0x00000000fc600000)
 ParOldGen       total 196608K, used 147539K [0x00000000c4000000, 0x00000000d0000000, 0x00000000ec000000)
  object space 196608K, 75% used [0x00000000c4000000,0x00000000cd014ff0,0x00000000d0000000)
 PSPermGen       total 40960K, used 18740K [0x00000000b9a00000, 0x00000000bc200000, 0x00000000c4000000)
  object space 40960K, 45% used [0x00000000b9a00000,0x00000000bac4d0e0,0x00000000bc200000)
}
Event: 20.339 GC heap before
{Heap before GC invocations=22 (full 3):
 PSYoungGen      total 248832K, used 248801K [0x00000000ec000000, 0x0000000100000000, 0x0000000100000000)
  eden space 208896K, 100% used [0x00000000ec000000,0x00000000f8c00000,0x00000000f8c00000)
  from space 39936K, 99% used [0x00000000fd900000,0x00000000ffff8678,0x0000000100000000)
  to   space 59392K, 0% used [0x00000000f8c00000,0x00000000f8c00000,0x00000000fc600000)
 ParOldGen       total 196608K, used 147539K [0x00000000c4000000, 0x00000000d0000000, 0x00000000ec000000)
  object space 196608K, 75% used [0x00000000c4000000,0x00000000cd014ff0,0x00000000d0000000)
 PSPermGen       total 40960K, used 18740K [0x00000000b9a00000, 0x00000000bc200000, 0x00000000c4000000)
  object space 40960K, 45% used [0x00000000b9a00000,0x00000000bac4d0e0,0x00000000bc200000)
Event: 20.559 GC heap after
Heap after GC invocations=22 (full 3):
 PSYoungGen      total 268288K, used 29808K [0x00000000ec000000, 0x0000000100000000, 0x0000000100000000)
  eden space 208896K, 0% used [0x00000000ec000000,0x00000000ec000000,0x00000000f8c00000)
  from space 59392K, 50% used [0x00000000f8c00000,0x00000000fa91c230,0x00000000fc600000)
  to   space 58368K, 0% used [0x00000000fc700000,0x00000000fc700000,0x0000000100000000)
 ParOldGen       total 196608K, used 176620K [0x00000000c4000000, 0x00000000d0000000, 0x00000000ec000000)
  object space 196608K, 89% used [0x00000000c4000000,0x00000000cec7b2f8,0x00000000d0000000)
 PSPermGen       total 40960K, used 18740K [0x00000000b9a00000, 0x00000000bc200000, 0x00000000c4000000)
  object space 40960K, 45% used [0x00000000b9a00000,0x00000000bac4d0e0,0x00000000bc200000)
}
Event: 20.559 GC heap before
{Heap before GC invocations=23 (full 4):
 PSYoungGen      total 268288K, used 29808K [0x00000000ec000000, 0x0000000100000000, 0x0000000100000000)
  eden space 208896K, 0% used [0x00000000ec000000,0x00000000ec000000,0x00000000f8c00000)
  from space 59392K, 50% used [0x00000000f8c00000,0x00000000fa91c230,0x00000000fc600000)
  to   space 58368K, 0% used [0x00000000fc700000,0x00000000fc700000,0x0000000100000000)
 ParOldGen       total 196608K, used 176620K [0x00000000c4000000, 0x00000000d0000000, 0x00000000ec000000)
  object space 196608K, 89% used [0x00000000c4000000,0x00000000cec7b2f8,0x00000000d0000000)
 PSPermGen       total 40960K, used 18740K [0x00000000b9a00000, 0x00000000bc200000, 0x00000000c4000000)
  object space 40960K, 45% used [0x00000000b9a00000,0x00000000bac4d0e0,0x00000000bc200000)

