# JRE version: OpenJDK Runtime Environment (7.0_75-b13) (build 1.7.0_75-b13)
# Java VM: OpenJDK 64-Bit Server VM (24.75-b04 mixed mode linux-amd64 compressed oops)
Heap
 PSYoungGen      total 286720K, used 40386K [0x00000000ec000000, 0x0000000100000000, 0x0000000100000000)
  eden space 245760K, 0% used [0x00000000ec000000,0x00000000ec000000,0x00000000fb000000)
  from space 40960K, 98% used [0x00000000fb000000,0x00000000fd7709f0,0x00000000fd800000)
  to   space 40960K, 0% used [0x00000000fd800000,0x00000000fd800000,0x0000000100000000)
 ParOldGen       total 99328K, used 95618K [0x00000000c4000000, 0x00000000ca100000, 0x00000000ec000000)
  object space 99328K, 96% used [0x00000000c4000000,0x00000000c9d60a48,0x00000000ca100000)
 PSPermGen       total 37888K, used 19523K [0x00000000b9a00000, 0x00000000bbf00000, 0x00000000c4000000)
  object space 37888K, 51% used [0x00000000b9a00000,0x00000000bad10e30,0x00000000bbf00000)
GC Heap History (10 events):
Event: 10.646 GC heap after
Heap after GC invocations=8 (full 0):
 PSYoungGen      total 254976K, used 16870K [0x00000000ec000000, 0x00000000fda00000, 0x0000000100000000)
  eden space 238080K, 0% used [0x00000000ec000000,0x00000000ec000000,0x00000000fa880000)
  from space 16896K, 99% used [0x00000000fbe80000,0x00000000fcef99f0,0x00000000fcf00000)
  to   space 22528K, 0% used [0x00000000fa880000,0x00000000fa880000,0x00000000fbe80000)
 ParOldGen       total 40960K, used 26215K [0x00000000c4000000, 0x00000000c6800000, 0x00000000ec000000)
  object space 40960K, 64% used [0x00000000c4000000,0x00000000c5999fc8,0x00000000c6800000)
 PSPermGen       total 21504K, used 18820K [0x00000000b9a00000, 0x00000000baf00000, 0x00000000c4000000)
  object space 21504K, 87% used [0x00000000b9a00000,0x00000000bac61190,0x00000000baf00000)
}
Event: 11.040 GC heap before
{Heap before GC invocations=9 (full 0):
 PSYoungGen      total 254976K, used 254950K [0x00000000ec000000, 0x00000000fda00000, 0x0000000100000000)
  eden space 238080K, 100% used [0x00000000ec000000,0x00000000fa880000,0x00000000fa880000)
  from space 16896K, 99% used [0x00000000fbe80000,0x00000000fcef99f0,0x00000000fcf00000)
  to   space 22528K, 0% used [0x00000000fa880000,0x00000000fa880000,0x00000000fbe80000)
 ParOldGen       total 40960K, used 26215K [0x00000000c4000000, 0x00000000c6800000, 0x00000000ec000000)
  object space 40960K, 64% used [0x00000000c4000000,0x00000000c5999fc8,0x00000000c6800000)
 PSPermGen       total 21504K, used 18840K [0x00000000b9a00000, 0x00000000baf00000, 0x00000000c4000000)
  object space 21504K, 87% used [0x00000000b9a00000,0x00000000bac663d8,0x00000000baf00000)
Event: 11.413 GC heap after
Heap after GC invocations=9 (full 0):
 PSYoungGen      total 260608K, used 22502K [0x00000000ec000000, 0x0000000100000000, 0x0000000100000000)
  eden space 238080K, 0% used [0x00000000ec000000,0x00000000ec000000,0x00000000fa880000)
  from space 22528K, 99% used [0x00000000fa880000,0x00000000fbe799f0,0x00000000fbe80000)
  to   space 33280K, 0% used [0x00000000fdf80000,0x00000000fdf80000,0x0000000100000000)
 ParOldGen       total 45056K, used 43435K [0x00000000c4000000, 0x00000000c6c00000, 0x00000000ec000000)
  object space 45056K, 96% used [0x00000000c4000000,0x00000000c6a6aff8,0x00000000c6c00000)
 PSPermGen       total 21504K, used 18840K [0x00000000b9a00000, 0x00000000baf00000, 0x00000000c4000000)
  object space 21504K, 87% used [0x00000000b9a00000,0x00000000bac663d8,0x00000000baf00000)
}
Event: 11.413 GC heap before
{Heap before GC invocations=10 (full 1):
 PSYoungGen      total 260608K, used 22502K [0x00000000ec000000, 0x0000000100000000, 0x0000000100000000)
  eden space 238080K, 0% used [0x00000000ec000000,0x00000000ec000000,0x00000000fa880000)
  from space 22528K, 99% used [0x00000000fa880000,0x00000000fbe799f0,0x00000000fbe80000)
  to   space 33280K, 0% used [0x00000000fdf80000,0x00000000fdf80000,0x0000000100000000)
 ParOldGen       total 45056K, used 43435K [0x00000000c4000000, 0x00000000c6c00000, 0x00000000ec000000)
  object space 45056K, 96% used [0x00000000c4000000,0x00000000c6a6aff8,0x00000000c6c00000)
 PSPermGen       total 21504K, used 18840K [0x00000000b9a00000, 0x00000000baf00000, 0x00000000c4000000)
  object space 21504K, 87% used [0x00000000b9a00000,0x00000000bac663d8,0x00000000baf00000)
Event: 11.751 GC heap after
Heap after GC invocations=10 (full 1):
 PSYoungGen      total 260608K, used 15822K [0x00000000ec000000, 0x0000000100000000, 0x0000000100000000)
  eden space 238080K, 0% used [0x00000000ec000000,0x00000000ec000000,0x00000000fa880000)
  from space 22528K, 70% used [0x00000000fa880000,0x00000000fb7f38f8,0x00000000fbe80000)
  to   space 33280K, 0% used [0x00000000fdf80000,0x00000000fdf80000,0x0000000100000000)
 ParOldGen       total 76800K, used 44811K [0x00000000c4000000, 0x00000000c8b00000, 0x00000000ec000000)
  object space 76800K, 58% used [0x00000000c4000000,0x00000000c6bc2e48,0x00000000c8b00000)
 PSPermGen       total 37888K, used 18834K [0x00000000b9a00000, 0x00000000bbf00000, 0x00000000c4000000)
  object space 37888K, 49% used [0x00000000b9a00000,0x00000000bac64b48,0x00000000bbf00000)
}
Event: 12.143 GC heap before
{Heap before GC invocations=11 (full 1):
 PSYoungGen      total 260608K, used 253902K [0x00000000ec000000, 0x0000000100000000, 0x0000000100000000)
  eden space 238080K, 100% used [0x00000000ec000000,0x00000000fa880000,0x00000000fa880000)
  from space 22528K, 70% used [0x00000000fa880000,0x00000000fb7f38f8,0x00000000fbe80000)
  to   space 33280K, 0% used [0x00000000fdf80000,0x00000000fdf80000,0x0000000100000000)
 ParOldGen       total 76800K, used 44811K [0x00000000c4000000, 0x00000000c8b00000, 0x00000000ec000000)
  object space 76800K, 58% used [0x00000000c4000000,0x00000000c6bc2e48,0x00000000c8b00000)
 PSPermGen       total 37888K, used 18887K [0x00000000b9a00000, 0x00000000bbf00000, 0x00000000c4000000)
  object space 37888K, 49% used [0x00000000b9a00000,0x00000000bac71fa8,0x00000000bbf00000)
Event: 12.213 GC heap after
Heap after GC invocations=11 (full 1):
 PSYoungGen      total 279040K, used 33254K [0x00000000ec000000, 0x0000000100000000, 0x0000000100000000)
  eden space 245760K, 0% used [0x00000000ec000000,0x00000000ec000000,0x00000000fb000000)
  from space 33280K, 99% used [0x00000000fdf80000,0x00000000ffff99b0,0x0000000100000000)
  to   space 40960K, 0% used [0x00000000fb000000,0x00000000fb000000,0x00000000fd800000)
 ParOldGen       total 76800K, used 50403K [0x00000000c4000000, 0x00000000c8b00000, 0x00000000ec000000)
  object space 76800K, 65% used [0x00000000c4000000,0x00000000c7138e48,0x00000000c8b00000)
 PSPermGen       total 37888K, used 18887K [0x00000000b9a00000, 0x00000000bbf00000, 0x00000000c4000000)
  object space 37888K, 49% used [0x00000000b9a00000,0x00000000bac71fa8,0x00000000bbf00000)
}
Event: 13.747 GC heap before
{Heap before GC invocations=12 (full 1):
 PSYoungGen      total 279040K, used 279014K [0x00000000ec000000, 0x0000000100000000, 0x0000000100000000)
  eden space 245760K, 100% used [0x00000000ec000000,0x00000000fb000000,0x00000000fb000000)
  from space 33280K, 99% used [0x00000000fdf80000,0x00000000ffff99b0,0x0000000100000000)
  to   space 40960K, 0% used [0x00000000fb000000,0x00000000fb000000,0x00000000fd800000)
 ParOldGen       total 76800K, used 50403K [0x00000000c4000000, 0x00000000c8b00000, 0x00000000ec000000)
  object space 76800K, 65% used [0x00000000c4000000,0x00000000c7138e48,0x00000000c8b00000)
 PSPermGen       total 37888K, used 19524K [0x00000000b9a00000, 0x00000000bbf00000, 0x00000000c4000000)
  object space 37888K, 51% used [0x00000000b9a00000,0x00000000bad112f0,0x00000000bbf00000)
Event: 14.459 GC heap after
Heap after GC invocations=12 (full 1):
 PSYoungGen      total 286720K, used 40934K [0x00000000ec000000, 0x0000000100000000, 0x0000000100000000)
  eden space 245760K, 0% used [0x00000000ec000000,0x00000000ec000000,0x00000000fb000000)
  from space 40960K, 99% used [0x00000000fb000000,0x00000000fd7f9a10,0x00000000fd800000)
  to   space 40960K, 0% used [0x00000000fd800000,0x00000000fd800000,0x0000000100000000)
 ParOldGen       total 99328K, used 99098K [0x00000000c4000000, 0x00000000ca100000, 0x00000000ec000000)
  object space 99328K, 99% used [0x00000000c4000000,0x00000000ca0c6b80,0x00000000ca100000)
 PSPermGen       total 37888K, used 19524K [0x00000000b9a00000, 0x00000000bbf00000, 0x00000000c4000000)
  object space 37888K, 51% used [0x00000000b9a00000,0x00000000bad112f0,0x00000000bbf00000)
}
Event: 14.459 GC heap before
{Heap before GC invocations=13 (full 2):
 PSYoungGen      total 286720K, used 40934K [0x00000000ec000000, 0x0000000100000000, 0x0000000100000000)
  eden space 245760K, 0% used [0x00000000ec000000,0x00000000ec000000,0x00000000fb000000)
  from space 40960K, 99% used [0x00000000fb000000,0x00000000fd7f9a10,0x00000000fd800000)
  to   space 40960K, 0% used [0x00000000fd800000,0x00000000fd800000,0x0000000100000000)
 ParOldGen       total 99328K, used 99098K [0x00000000c4000000, 0x00000000ca100000, 0x00000000ec000000)
  object space 99328K, 99% used [0x00000000c4000000,0x00000000ca0c6b80,0x00000000ca100000)
 PSPermGen       total 37888K, used 19524K [0x00000000b9a00000, 0x00000000bbf00000, 0x00000000c4000000)
  object space 37888K, 51% used [0x00000000b9a00000,0x00000000bad112f0,0x00000000bbf00000)

