# JRE version: OpenJDK Runtime Environment (7.0_75-b13) (build 1.7.0_75-b13)
# Java VM: OpenJDK 64-Bit Server VM (24.75-b04 mixed mode linux-amd64 compressed oops)
Heap
 PSYoungGen      total 218624K, used 33035K [0x00000000ec000000, 0x0000000100000000, 0x0000000100000000)
  eden space 109568K, 0% used [0x00000000ec000000,0x00000000ec000000,0x00000000f2b00000)
  from space 109056K, 30% used [0x00000000f9580000,0x00000000fb5c2d40,0x0000000100000000)
  to   space 109056K, 0% used [0x00000000f2b00000,0x00000000f2b00000,0x00000000f9580000)
 ParOldGen       total 314880K, used 314571K [0x00000000c4000000, 0x00000000d7380000, 0x00000000ec000000)
  object space 314880K, 99% used [0x00000000c4000000,0x00000000d7332ec0,0x00000000d7380000)
 PSPermGen       total 38912K, used 18741K [0x00000000b9a00000, 0x00000000bc000000, 0x00000000c4000000)
  object space 38912K, 48% used [0x00000000b9a00000,0x00000000bac4d538,0x00000000bc000000)
GC Heap History (10 events):
Event: 28.866 GC heap after
Heap after GC invocations=32 (full 4):
 PSYoungGen      total 212480K, used 57303K [0x00000000ec000000, 0x00000000ffa00000, 0x0000000100000000)
  eden space 109568K, 0% used [0x00000000ec000000,0x00000000ec000000,0x00000000f2b00000)
  from space 102912K, 55% used [0x00000000f9580000,0x00000000fcd75f10,0x00000000ffa00000)
  to   space 105984K, 0% used [0x00000000f2b00000,0x00000000f2b00000,0x00000000f9280000)
 ParOldGen       total 314880K, used 261013K [0x00000000c4000000, 0x00000000d7380000, 0x00000000ec000000)
  object space 314880K, 82% used [0x00000000c4000000,0x00000000d3ee54d8,0x00000000d7380000)
 PSPermGen       total 38912K, used 18741K [0x00000000b9a00000, 0x00000000bc000000, 0x00000000c4000000)
  object space 38912K, 48% used [0x00000000b9a00000,0x00000000bac4d538,0x00000000bc000000)
}
Event: 29.472 GC heap before
{Heap before GC invocations=33 (full 4):
 PSYoungGen      total 212480K, used 166871K [0x00000000ec000000, 0x00000000ffa00000, 0x0000000100000000)
  eden space 109568K, 100% used [0x00000000ec000000,0x00000000f2b00000,0x00000000f2b00000)
  from space 102912K, 55% used [0x00000000f9580000,0x00000000fcd75f10,0x00000000ffa00000)
  to   space 105984K, 0% used [0x00000000f2b00000,0x00000000f2b00000,0x00000000f9280000)
 ParOldGen       total 314880K, used 261013K [0x00000000c4000000, 0x00000000d7380000, 0x00000000ec000000)
  object space 314880K, 82% used [0x00000000c4000000,0x00000000d3ee54d8,0x00000000d7380000)
 PSPermGen       total 38912K, used 18741K [0x00000000b9a00000, 0x00000000bc000000, 0x00000000c4000000)
  object space 38912K, 48% used [0x00000000b9a00000,0x00000000bac4d538,0x00000000bc000000)
Event: 29.518 GC heap after
Heap after GC invocations=33 (full 4):
 PSYoungGen      total 215552K, used 64371K [0x00000000ec000000, 0x0000000100000000, 0x0000000100000000)
  eden space 109568K, 0% used [0x00000000ec000000,0x00000000ec000000,0x00000000f2b00000)
  from space 105984K, 60% used [0x00000000f2b00000,0x00000000f69dce40,0x00000000f9280000)
  to   space 105472K, 0% used [0x00000000f9900000,0x00000000f9900000,0x0000000100000000)
 ParOldGen       total 314880K, used 261013K [0x00000000c4000000, 0x00000000d7380000, 0x00000000ec000000)
  object space 314880K, 82% used [0x00000000c4000000,0x00000000d3ee54d8,0x00000000d7380000)
 PSPermGen       total 38912K, used 18741K [0x00000000b9a00000, 0x00000000bc000000, 0x00000000c4000000)
  object space 38912K, 48% used [0x00000000b9a00000,0x00000000bac4d538,0x00000000bc000000)
}
Event: 30.183 GC heap before
{Heap before GC invocations=34 (full 4):
 PSYoungGen      total 215552K, used 173939K [0x00000000ec000000, 0x0000000100000000, 0x0000000100000000)
  eden space 109568K, 100% used [0x00000000ec000000,0x00000000f2b00000,0x00000000f2b00000)
  from space 105984K, 60% used [0x00000000f2b00000,0x00000000f69dce40,0x00000000f9280000)
  to   space 105472K, 0% used [0x00000000f9900000,0x00000000f9900000,0x0000000100000000)
 ParOldGen       total 314880K, used 261013K [0x00000000c4000000, 0x00000000d7380000, 0x00000000ec000000)
  object space 314880K, 82% used [0x00000000c4000000,0x00000000d3ee54d8,0x00000000d7380000)
 PSPermGen       total 38912K, used 18741K [0x00000000b9a00000, 0x00000000bc000000, 0x00000000c4000000)
  object space 38912K, 48% used [0x00000000b9a00000,0x00000000bac4d538,0x00000000bc000000)
Event: 30.268 GC heap after
Heap after GC invocations=34 (full 4):
 PSYoungGen      total 217088K, used 72584K [0x00000000ec000000, 0x0000000100000000, 0x0000000100000000)
  eden space 111616K, 0% used [0x00000000ec000000,0x00000000ec000000,0x00000000f2d00000)
  from space 105472K, 68% used [0x00000000f9900000,0x00000000fdfe2160,0x0000000100000000)
  to   space 108032K, 0% used [0x00000000f2d00000,0x00000000f2d00000,0x00000000f9680000)
 ParOldGen       total 314880K, used 261013K [0x00000000c4000000, 0x00000000d7380000, 0x00000000ec000000)
  object space 314880K, 82% used [0x00000000c4000000,0x00000000d3ee54d8,0x00000000d7380000)
 PSPermGen       total 38912K, used 18741K [0x00000000b9a00000, 0x00000000bc000000, 0x00000000c4000000)
  object space 38912K, 48% used [0x00000000b9a00000,0x00000000bac4d538,0x00000000bc000000)
}
Event: 30.740 GC heap before
{Heap before GC invocations=35 (full 4):
 PSYoungGen      total 217088K, used 184200K [0x00000000ec000000, 0x0000000100000000, 0x0000000100000000)
  eden space 111616K, 100% used [0x00000000ec000000,0x00000000f2d00000,0x00000000f2d00000)
  from space 105472K, 68% used [0x00000000f9900000,0x00000000fdfe2160,0x0000000100000000)
  to   space 108032K, 0% used [0x00000000f2d00000,0x00000000f2d00000,0x00000000f9680000)
 ParOldGen       total 314880K, used 261013K [0x00000000c4000000, 0x00000000d7380000, 0x00000000ec000000)
  object space 314880K, 82% used [0x00000000c4000000,0x00000000d3ee54d8,0x00000000d7380000)
 PSPermGen       total 38912K, used 18741K [0x00000000b9a00000, 0x00000000bc000000, 0x00000000c4000000)
  object space 38912K, 48% used [0x00000000b9a00000,0x00000000bac4d538,0x00000000bc000000)
Event: 30.886 GC heap after
Heap after GC invocations=35 (full 4):
 PSYoungGen      total 192512K, used 80651K [0x00000000ec000000, 0x0000000100000000, 0x0000000100000000)
  eden space 111616K, 0% used [0x00000000ec000000,0x00000000ec000000,0x00000000f2d00000)
  from space 80896K, 99% used [0x00000000f2d00000,0x00000000f7bc2d30,0x00000000f7c00000)
  to   space 109056K, 0% used [0x00000000f9580000,0x00000000f9580000,0x0000000100000000)
 ParOldGen       total 314880K, used 261013K [0x00000000c4000000, 0x00000000d7380000, 0x00000000ec000000)
  object space 314880K, 82% used [0x00000000c4000000,0x00000000d3ee54d8,0x00000000d7380000)
 PSPermGen       total 38912K, used 18741K [0x00000000b9a00000, 0x00000000bc000000, 0x00000000c4000000)
  object space 38912K, 48% used [0x00000000b9a00000,0x00000000bac4d538,0x00000000bc000000)
}
Event: 31.300 GC heap before
{Heap before GC invocations=36 (full 4):
 PSYoungGen      total 192512K, used 192267K [0x00000000ec000000, 0x0000000100000000, 0x0000000100000000)
  eden space 111616K, 100% used [0x00000000ec000000,0x00000000f2d00000,0x00000000f2d00000)
  from space 80896K, 99% used [0x00000000f2d00000,0x00000000f7bc2d30,0x00000000f7c00000)
  to   space 109056K, 0% used [0x00000000f9580000,0x00000000f9580000,0x0000000100000000)
 ParOldGen       total 314880K, used 261013K [0x00000000c4000000, 0x00000000d7380000, 0x00000000ec000000)
  object space 314880K, 82% used [0x00000000c4000000,0x00000000d3ee54d8,0x00000000d7380000)
 PSPermGen       total 38912K, used 18741K [0x00000000b9a00000, 0x00000000bc000000, 0x00000000c4000000)
  object space 38912K, 48% used [0x00000000b9a00000,0x00000000bac4d538,0x00000000bc000000)
Event: 32.893 GC heap after
Heap after GC invocations=36 (full 4):
 PSYoungGen      total 218624K, used 65368K [0x00000000ec000000, 0x0000000100000000, 0x0000000100000000)
  eden space 109568K, 0% used [0x00000000ec000000,0x00000000ec000000,0x00000000f2b00000)
  from space 109056K, 59% used [0x00000000f9580000,0x00000000fd556180,0x0000000100000000)
  to   space 109056K, 0% used [0x00000000f2b00000,0x00000000f2b00000,0x00000000f9580000)
 ParOldGen       total 314880K, used 285509K [0x00000000c4000000, 0x00000000d7380000, 0x00000000ec000000)
  object space 314880K, 90% used [0x00000000c4000000,0x00000000d56d16f8,0x00000000d7380000)
 PSPermGen       total 38912K, used 18741K [0x00000000b9a00000, 0x00000000bc000000, 0x00000000c4000000)
  object space 38912K, 48% used [0x00000000b9a00000,0x00000000bac4d538,0x00000000bc000000)
}
Event: 33.412 GC heap before
{Heap before GC invocations=37 (full 5):
 PSYoungGen      total 218624K, used 65368K [0x00000000ec000000, 0x0000000100000000, 0x0000000100000000)
  eden space 109568K, 0% used [0x00000000ec000000,0x00000000ec000000,0x00000000f2b00000)
  from space 109056K, 59% used [0x00000000f9580000,0x00000000fd556180,0x0000000100000000)
  to   space 109056K, 0% used [0x00000000f2b00000,0x00000000f2b00000,0x00000000f9580000)
 ParOldGen       total 314880K, used 285509K [0x00000000c4000000, 0x00000000d7380000, 0x00000000ec000000)
  object space 314880K, 90% used [0x00000000c4000000,0x00000000d56d16f8,0x00000000d7380000)
 PSPermGen       total 38912K, used 18741K [0x00000000b9a00000, 0x00000000bc000000, 0x00000000c4000000)
  object space 38912K, 48% used [0x00000000b9a00000,0x00000000bac4d538,0x00000000bc000000)

