# JRE version: OpenJDK Runtime Environment (7.0_75-b13) (build 1.7.0_75-b13)
# Java VM: OpenJDK 64-Bit Server VM (24.75-b04 mixed mode linux-amd64 compressed oops)
Heap
 PSYoungGen      total 218624K, used 48805K [0x00000000ec000000, 0x0000000100000000, 0x0000000100000000)
  eden space 109568K, 0% used [0x00000000ec000000,0x00000000ec000000,0x00000000f2b00000)
  from space 109056K, 44% used [0x00000000f9580000,0x00000000fc529680,0x0000000100000000)
  to   space 109056K, 0% used [0x00000000f2b00000,0x00000000f2b00000,0x00000000f9580000)
 ParOldGen       total 324608K, used 324453K [0x00000000c4000000, 0x00000000d7d00000, 0x00000000ec000000)
  object space 324608K, 99% used [0x00000000c4000000,0x00000000d7cd95e8,0x00000000d7d00000)
 PSPermGen       total 21504K, used 2891K [0x00000000b9a00000, 0x00000000baf00000, 0x00000000c4000000)
  object space 21504K, 13% used [0x00000000b9a00000,0x00000000b9cd2cc0,0x00000000baf00000)
GC Heap History (10 events):
Event: 5.718 GC heap after
Heap after GC invocations=14 (full 3):
 PSYoungGen      total 196096K, used 93696K [0x00000000ec000000, 0x0000000100000000, 0x0000000100000000)
  eden space 102400K, 0% used [0x00000000ec000000,0x00000000ec000000,0x00000000f2400000)
  from space 93696K, 100% used [0x00000000f2400000,0x00000000f7f80000,0x00000000f7f80000)
  to   space 109056K, 0% used [0x00000000f9580000,0x00000000f9580000,0x0000000100000000)
 ParOldGen       total 212480K, used 166463K [0x00000000c4000000, 0x00000000d0f80000, 0x00000000ec000000)
  object space 212480K, 78% used [0x00000000c4000000,0x00000000ce28fe58,0x00000000d0f80000)
 PSPermGen       total 21504K, used 2885K [0x00000000b9a00000, 0x00000000baf00000, 0x00000000c4000000)
  object space 21504K, 13% used [0x00000000b9a00000,0x00000000b9cd1400,0x00000000baf00000)
}
Event: 5.960 GC heap before
{Heap before GC invocations=15 (full 3):
 PSYoungGen      total 196096K, used 196096K [0x00000000ec000000, 0x0000000100000000, 0x0000000100000000)
  eden space 102400K, 100% used [0x00000000ec000000,0x00000000f2400000,0x00000000f2400000)
  from space 93696K, 100% used [0x00000000f2400000,0x00000000f7f80000,0x00000000f7f80000)
  to   space 109056K, 0% used [0x00000000f9580000,0x00000000f9580000,0x0000000100000000)
 ParOldGen       total 212480K, used 166463K [0x00000000c4000000, 0x00000000d0f80000, 0x00000000ec000000)
  object space 212480K, 78% used [0x00000000c4000000,0x00000000ce28fe58,0x00000000d0f80000)
 PSPermGen       total 21504K, used 2887K [0x00000000b9a00000, 0x00000000baf00000, 0x00000000c4000000)
  object space 21504K, 13% used [0x00000000b9a00000,0x00000000b9cd1f78,0x00000000baf00000)
Event: 6.391 GC heap after
Heap after GC invocations=15 (full 3):
 PSYoungGen      total 218624K, used 109056K [0x00000000ec000000, 0x0000000100000000, 0x0000000100000000)
  eden space 109568K, 0% used [0x00000000ec000000,0x00000000ec000000,0x00000000f2b00000)
  from space 109056K, 100% used [0x00000000f9580000,0x0000000100000000,0x0000000100000000)
  to   space 109056K, 0% used [0x00000000f2b00000,0x00000000f2b00000,0x00000000f9580000)
 ParOldGen       total 212480K, used 191207K [0x00000000c4000000, 0x00000000d0f80000, 0x00000000ec000000)
  object space 212480K, 89% used [0x00000000c4000000,0x00000000cfab9e58,0x00000000d0f80000)
 PSPermGen       total 21504K, used 2887K [0x00000000b9a00000, 0x00000000baf00000, 0x00000000c4000000)
  object space 21504K, 13% used [0x00000000b9a00000,0x00000000b9cd1f78,0x00000000baf00000)
}
Event: 6.391 GC heap before
{Heap before GC invocations=16 (full 4):
 PSYoungGen      total 218624K, used 109056K [0x00000000ec000000, 0x0000000100000000, 0x0000000100000000)
  eden space 109568K, 0% used [0x00000000ec000000,0x00000000ec000000,0x00000000f2b00000)
  from space 109056K, 100% used [0x00000000f9580000,0x0000000100000000,0x0000000100000000)
  to   space 109056K, 0% used [0x00000000f2b00000,0x00000000f2b00000,0x00000000f9580000)
 ParOldGen       total 212480K, used 191207K [0x00000000c4000000, 0x00000000d0f80000, 0x00000000ec000000)
  object space 212480K, 89% used [0x00000000c4000000,0x00000000cfab9e58,0x00000000d0f80000)
 PSPermGen       total 21504K, used 2887K [0x00000000b9a00000, 0x00000000baf00000, 0x00000000c4000000)
  object space 21504K, 13% used [0x00000000b9a00000,0x00000000b9cd1f78,0x00000000baf00000)
Event: 9.920 GC heap after
Heap after GC invocations=16 (full 4):
 PSYoungGen      total 218624K, used 83369K [0x00000000ec000000, 0x0000000100000000, 0x0000000100000000)
  eden space 109568K, 0% used [0x00000000ec000000,0x00000000ec000000,0x00000000f2b00000)
  from space 109056K, 76% used [0x00000000f9580000,0x00000000fe6ea458,0x0000000100000000)
  to   space 109056K, 0% used [0x00000000f2b00000,0x00000000f2b00000,0x00000000f9580000)
 ParOldGen       total 324608K, used 212458K [0x00000000c4000000, 0x00000000d7d00000, 0x00000000ec000000)
  object space 324608K, 65% used [0x00000000c4000000,0x00000000d0f7a970,0x00000000d7d00000)
 PSPermGen       total 21504K, used 2887K [0x00000000b9a00000, 0x00000000baf00000, 0x00000000c4000000)
  object space 21504K, 13% used [0x00000000b9a00000,0x00000000b9cd1f78,0x00000000baf00000)
}
Event: 10.256 GC heap before
{Heap before GC invocations=17 (full 4):
 PSYoungGen      total 218624K, used 192937K [0x00000000ec000000, 0x0000000100000000, 0x0000000100000000)
  eden space 109568K, 100% used [0x00000000ec000000,0x00000000f2b00000,0x00000000f2b00000)
  from space 109056K, 76% used [0x00000000f9580000,0x00000000fe6ea458,0x0000000100000000)
  to   space 109056K, 0% used [0x00000000f2b00000,0x00000000f2b00000,0x00000000f9580000)
 ParOldGen       total 324608K, used 212458K [0x00000000c4000000, 0x00000000d7d00000, 0x00000000ec000000)
  object space 324608K, 65% used [0x00000000c4000000,0x00000000d0f7a970,0x00000000d7d00000)
 PSPermGen       total 21504K, used 2887K [0x00000000b9a00000, 0x00000000baf00000, 0x00000000c4000000)
  object space 21504K, 13% used [0x00000000b9a00000,0x00000000b9cd1f78,0x00000000baf00000)
Event: 10.846 GC heap after
Heap after GC invocations=17 (full 4):
 PSYoungGen      total 218624K, used 97152K [0x00000000ec000000, 0x0000000100000000, 0x0000000100000000)
  eden space 109568K, 0% used [0x00000000ec000000,0x00000000ec000000,0x00000000f2b00000)
  from space 109056K, 89% used [0x00000000f2b00000,0x00000000f89e0000,0x00000000f9580000)
  to   space 109056K, 0% used [0x00000000f9580000,0x00000000f9580000,0x0000000100000000)
 ParOldGen       total 324608K, used 241266K [0x00000000c4000000, 0x00000000d7d00000, 0x00000000ec000000)
  object space 324608K, 74% used [0x00000000c4000000,0x00000000d2b9c970,0x00000000d7d00000)
 PSPermGen       total 21504K, used 2887K [0x00000000b9a00000, 0x00000000baf00000, 0x00000000c4000000)
  object space 21504K, 13% used [0x00000000b9a00000,0x00000000b9cd1f78,0x00000000baf00000)
}
Event: 11.518 GC heap before
{Heap before GC invocations=18 (full 4):
 PSYoungGen      total 218624K, used 206720K [0x00000000ec000000, 0x0000000100000000, 0x0000000100000000)
  eden space 109568K, 100% used [0x00000000ec000000,0x00000000f2b00000,0x00000000f2b00000)
  from space 109056K, 89% used [0x00000000f2b00000,0x00000000f89e0000,0x00000000f9580000)
  to   space 109056K, 0% used [0x00000000f9580000,0x00000000f9580000,0x0000000100000000)
 ParOldGen       total 324608K, used 241266K [0x00000000c4000000, 0x00000000d7d00000, 0x00000000ec000000)
  object space 324608K, 74% used [0x00000000c4000000,0x00000000d2b9c970,0x00000000d7d00000)
 PSPermGen       total 21504K, used 2891K [0x00000000b9a00000, 0x00000000baf00000, 0x00000000c4000000)
  object space 21504K, 13% used [0x00000000b9a00000,0x00000000b9cd2cc0,0x00000000baf00000)
Event: 12.310 GC heap after
Heap after GC invocations=18 (full 4):
 PSYoungGen      total 218624K, used 77584K [0x00000000ec000000, 0x0000000100000000, 0x0000000100000000)
  eden space 109568K, 0% used [0x00000000ec000000,0x00000000ec000000,0x00000000f2b00000)
  from space 109056K, 71% used [0x00000000f9580000,0x00000000fe144010,0x0000000100000000)
  to   space 109056K, 0% used [0x00000000f2b00000,0x00000000f2b00000,0x00000000f9580000)
 ParOldGen       total 324608K, used 296106K [0x00000000c4000000, 0x00000000d7d00000, 0x00000000ec000000)
  object space 324608K, 91% used [0x00000000c4000000,0x00000000d612a970,0x00000000d7d00000)
 PSPermGen       total 21504K, used 2891K [0x00000000b9a00000, 0x00000000baf00000, 0x00000000c4000000)
  object space 21504K, 13% used [0x00000000b9a00000,0x00000000b9cd2cc0,0x00000000baf00000)
}
Event: 12.310 GC heap before
{Heap before GC invocations=19 (full 5):
 PSYoungGen      total 218624K, used 77584K [0x00000000ec000000, 0x0000000100000000, 0x0000000100000000)
  eden space 109568K, 0% used [0x00000000ec000000,0x00000000ec000000,0x00000000f2b00000)
  from space 109056K, 71% used [0x00000000f9580000,0x00000000fe144010,0x0000000100000000)
  to   space 109056K, 0% used [0x00000000f2b00000,0x00000000f2b00000,0x00000000f9580000)
 ParOldGen       total 324608K, used 296106K [0x00000000c4000000, 0x00000000d7d00000, 0x00000000ec000000)
  object space 324608K, 91% used [0x00000000c4000000,0x00000000d612a970,0x00000000d7d00000)
 PSPermGen       total 21504K, used 2891K [0x00000000b9a00000, 0x00000000baf00000, 0x00000000c4000000)
  object space 21504K, 13% used [0x00000000b9a00000,0x00000000b9cd2cc0,0x00000000baf00000)

